<?xml version="1.0" encoding="UTF-8"?>
<!-- Generated by org.testng.reporters.JUnitXMLReporter -->
<testsuite ignored="0" hostname="DESKTOP-IDH9V1V" failures="1" tests="2" name="Test-Runner2" time="47.934" errors="0" timestamp="2024-01-09T08:13:48 IST">
  <testcase classname="contacts.CreateContactTest1" name="createContactTest1" time="20.387"/>
  <testcase classname="contacts.CreateContactTest1" name="demoTest" time="0.005">
    <failure type="java.lang.AssertionError" message="null">
      <![CDATA[java.lang.AssertionError: null
at contacts.CreateContactTest1.demoTest(CreateContactTest1.java:49)
at java.base/java.util.ArrayList.forEach(ArrayList.java:1511)
at java.base/java.util.concurrent.FutureTask.run(FutureTask.java:317)
at java.base/java.util.concurrent.ThreadPoolExecutor.runWorker(ThreadPoolExecutor.java:1144)
at java.base/java.util.concurrent.ThreadPoolExecutor$Worker.run(ThreadPoolExecutor.java:642)
at java.base/java.lang.Thread.run(Thread.java:1589)
... Removed 17 stack frames]]>
    </failure>
  </testcase> <!-- demoTest -->
</testsuite> <!-- Test-Runner2 -->
