<?xml version="1.0" encoding="UTF-8"?>
<!-- Generated by org.testng.reporters.JUnitReportReporter -->
<testsuite hostname="DESKTOP-IDH9V1V" failures="0" tests="1" name="contacts.CreateContactWithLeadSource" time="28.171" errors="0" timestamp="2023-12-28T07:50:10 IST" skipped="0">
  <testcase classname="contacts.CreateContactWithLeadSource" name="createContactWithLeadSource" time="28.171"/>
</testsuite> <!-- contacts.CreateContactWithLeadSource -->
